  lab03.cpp
D:\Code\labSpace\assembler\lab03\lab03\lab03.cpp(11,2): error C4235: использовано нестандартное расширение: ключевое слово "__asm" данной архитектурой не поддерживается
D:\Code\labSpace\assembler\lab03\lab03\lab03.cpp(12,3): error C2065: mov: необъявленный идентификатор
D:\Code\labSpace\assembler\lab03\lab03\lab03.cpp(12,8): error C2146: синтаксическая ошибка: отсутствие ";" перед идентификатором "ebx"
D:\Code\labSpace\assembler\lab03\lab03\lab03.cpp(12,8): error C2065: ebx: необъявленный идентификатор
D:\Code\labSpace\assembler\lab03\lab03\lab03.cpp(13,3): error C2146: синтаксическая ошибка: отсутствие ";" перед идентификатором "mov"
D:\Code\labSpace\assembler\lab03\lab03\lab03.cpp(13,3): error C2065: mov: необъявленный идентификатор
D:\Code\labSpace\assembler\lab03\lab03\lab03.cpp(13,7): error C2146: синтаксическая ошибка: отсутствие ";" перед идентификатором "ecx"
D:\Code\labSpace\assembler\lab03\lab03\lab03.cpp(13,7): error C2065: ecx: необъявленный идентификатор
D:\Code\labSpace\assembler\lab03\lab03\lab03.cpp(14,3): error C2146: синтаксическая ошибка: отсутствие ";" перед идентификатором "mov"
D:\Code\labSpace\assembler\lab03\lab03\lab03.cpp(14,3): error C2065: mov: необъявленный идентификатор
D:\Code\labSpace\assembler\lab03\lab03\lab03.cpp(14,7): error C2146: синтаксическая ошибка: отсутствие ";" перед идентификатором "edi"
D:\Code\labSpace\assembler\lab03\lab03\lab03.cpp(14,7): error C2065: edi: необъявленный идентификатор
D:\Code\labSpace\assembler\lab03\lab03\lab03.cpp(16,3): error C2146: синтаксическая ошибка: отсутствие ";" перед идентификатором "mov"
D:\Code\labSpace\assembler\lab03\lab03\lab03.cpp(16,3): error C2065: mov: необъявленный идентификатор
D:\Code\labSpace\assembler\lab03\lab03\lab03.cpp(16,8): error C2146: синтаксическая ошибка: отсутствие ";" перед идентификатором "eax"
D:\Code\labSpace\assembler\lab03\lab03\lab03.cpp(16,8): error C2065: eax: необъявленный идентификатор
D:\Code\labSpace\assembler\lab03\lab03\lab03.cpp(16,18): error C2760: синтаксическая ошибка: непредвиденный элемент "+". Ожидается ","
D:\Code\labSpace\assembler\lab03\lab03\lab03.cpp(16,21): error C2065: edi: необъявленный идентификатор
D:\Code\labSpace\assembler\lab03\lab03\lab03.cpp(16,33): error C2059: синтаксическая ошибка: ]
D:\Code\labSpace\assembler\lab03\lab03\lab03.cpp(85,160): warning C4267: аргумент: преобразование из "size_t" в "int"; возможна потеря данных
D:\Code\labSpace\assembler\lab03\lab03\lab03.cpp(86,161): warning C4267: аргумент: преобразование из "size_t" в "int"; возможна потеря данных
